<?xml version="1.0" encoding="UTF-8"?>
<testsuite name="pl.jigga.vertx.TestMainVerticle" tests="1" skipped="0" failures="0" errors="0" timestamp="2025-01-07T15:19:36" hostname="PLPC024674" time="0.106">
  <properties/>
  <testcase name="verticle_deployed(Vertx, VertxTestContext)" classname="pl.jigga.vertx.TestMainVerticle" time="0.106"/>
  <system-out><![CDATA[HTTP server started on port 8888
]]></system-out>
  <system-err><![CDATA[Jan 07, 2025 4:19:36 PM io.netty.resolver.dns.DnsServerAddressStreamProviders <clinit>
WARNING: Can not find io.netty.resolver.dns.macos.MacOSDnsServerAddressStreamProvider in the classpath, fallback to system defaults. This may result in incorrect DNS resolutions on MacOS. Check whether you have a dependency on 'io.netty:netty-resolver-dns-native-macos'
]]></system-err>
</testsuite>
